// 重构日志: 6b23545c
// 重构日志: 9b4afff8
// 同步 ID: 14a4fcb3 @ Tue Jul 14 10:00:30 UTC 2026
// 重构日志: 0c37b951
// 重构日志: 29e34836
// 同步 ID: 954561bf @ Wed Jul 15 06:59:51 UTC 2026
// 重构日志: 2f524854
// 重构日志: fb72eb40
// 同步 ID: cbcf4c56 @ Wed Jul 15 19:37:25 UTC 2026
// 重构日志: c13435d9
// 同步 ID: c207dd77 @ Fri Jul 17 05:00:28 UTC 2026
// 重构日志: 17ad5676
// 同步 ID: c6c3200b @ Fri Jul 17 13:16:58 UTC 2026
// 重构日志: 49649752
// 重构日志: 5e29aadf
// 重构日志: 73472400
// 同步 ID: 7cba4219 @ Sat Jul 18 12:29:01 UTC 2026
// 重构日志: 6787f7ab
// 同步 ID: 504d501a @ Sun Jul 19 07:36:18 UTC 2026
// 重构日志: 9f9e8f5f
// 重构日志: 6ab8b5c8
// 重构日志: 5802fdd1
// 同步 ID: c02d5ee2 @ Mon Jul 20 20:59:33 UTC 2026
// 重构日志: 93545f75
// 重构日志: 7a1300b4
// 重构日志: f88d7613
// 重构日志: 57655216
// 重构日志: 20db6fcd
// 重构日志: 735fa7b6
// 同步 ID: 14c13460 @ Fri Jul 24 08:40:18 UTC 2026
